{"/Users/duncanlyrebirdhealth.com/mllp-bird/src/mllp-node/HL7FieldExtraction.js": {"path":"/Users/duncanlyrebirdhealth.com/mllp-bird/src/mllp-node/HL7FieldExtraction.js","statementMap":{"0":{"start":{"line":9,"column":17},"end":{"line":9,"column":19}},"1":{"start":{"line":10,"column":2},"end":{"line":10,"column":77}},"2":{"start":{"line":10,"column":63},"end":{"line":10,"column":77}},"3":{"start":{"line":12,"column":19},"end":{"line":12,"column":44}},"4":{"start":{"line":13,"column":2},"end":{"line":22,"column":3}},"5":{"start":{"line":14,"column":37},"end":{"line":14,"column":48}},"6":{"start":{"line":15,"column":16},"end":{"line":15,"column":63}},"7":{"start":{"line":15,"column":35},"end":{"line":15,"column":62}},"8":{"start":{"line":16,"column":4},"end":{"line":21,"column":5}},"9":{"start":{"line":17,"column":21},"end":{"line":17,"column":35}},"10":{"start":{"line":18,"column":6},"end":{"line":18,"column":41}},"11":{"start":{"line":20,"column":6},"end":{"line":20,"column":24}},"12":{"start":{"line":23,"column":2},"end":{"line":23,"column":16}}},"fnMap":{"0":{"name":"extractFields","decl":{"start":{"line":8,"column":16},"end":{"line":8,"column":29}},"loc":{"start":{"line":8,"column":50},"end":{"line":24,"column":1}},"line":8},"1":{"name":"(anonymous_1)","decl":{"start":{"line":15,"column":30},"end":{"line":15,"column":31}},"loc":{"start":{"line":15,"column":35},"end":{"line":15,"column":62}},"line":15}},"branchMap":{"0":{"loc":{"start":{"line":10,"column":2},"end":{"line":10,"column":77}},"type":"if","locations":[{"start":{"line":10,"column":2},"end":{"line":10,"column":77}},{"start":{},"end":{}}],"line":10},"1":{"loc":{"start":{"line":10,"column":6},"end":{"line":10,"column":61}},"type":"binary-expr","locations":[{"start":{"line":10,"column":6},"end":{"line":10,"column":17}},{"start":{"line":10,"column":21},"end":{"line":10,"column":28}},{"start":{"line":10,"column":32},"end":{"line":10,"column":61}}],"line":10},"2":{"loc":{"start":{"line":16,"column":4},"end":{"line":21,"column":5}},"type":"if","locations":[{"start":{"line":16,"column":4},"end":{"line":21,"column":5}},{"start":{"line":19,"column":11},"end":{"line":21,"column":5}}],"line":16},"3":{"loc":{"start":{"line":18,"column":21},"end":{"line":18,"column":40}},"type":"binary-expr","locations":[{"start":{"line":18,"column":21},"end":{"line":18,"column":34}},{"start":{"line":18,"column":38},"end":{"line":18,"column":40}}],"line":18}},"s":{"0":7,"1":7,"2":4,"3":3,"4":3,"5":4,"6":4,"7":5,"8":4,"9":3,"10":3,"11":1,"12":3},"f":{"0":7,"1":5},"b":{"0":[4,3],"1":[7,5,4],"2":[3,1],"3":[3,1]},"inputSourceMap":null,"_coverageSchema":"1a1c01bbd47fc00a2c39e90264f33305004495a9","hash":"af755bb474a20f2b1b2bf1899a7791ea4d9e3a9a"}
,"/Users/duncanlyrebirdhealth.com/mllp-bird/src/mllp-node/HL7JSONParser.js": {"path":"/Users/duncanlyrebirdhealth.com/mllp-bird/src/mllp-node/HL7JSONParser.js","statementMap":{"0":{"start":{"line":9,"column":17},"end":{"line":9,"column":19}},"1":{"start":{"line":10,"column":2},"end":{"line":10,"column":45}},"2":{"start":{"line":10,"column":31},"end":{"line":10,"column":45}},"3":{"start":{"line":11,"column":19},"end":{"line":11,"column":44}},"4":{"start":{"line":12,"column":2},"end":{"line":22,"column":3}},"5":{"start":{"line":13,"column":16},"end":{"line":13,"column":67}},"6":{"start":{"line":13,"column":35},"end":{"line":13,"column":66}},"7":{"start":{"line":14,"column":4},"end":{"line":21,"column":5}},"8":{"start":{"line":15,"column":6},"end":{"line":20,"column":7}},"9":{"start":{"line":16,"column":23},"end":{"line":16,"column":37}},"10":{"start":{"line":17,"column":8},"end":{"line":17,"column":60}},"11":{"start":{"line":19,"column":8},"end":{"line":19,"column":26}},"12":{"start":{"line":23,"column":2},"end":{"line":23,"column":16}}},"fnMap":{"0":{"name":"parseHL7toJSON","decl":{"start":{"line":8,"column":16},"end":{"line":8,"column":30}},"loc":{"start":{"line":8,"column":52},"end":{"line":24,"column":1}},"line":8},"1":{"name":"(anonymous_1)","decl":{"start":{"line":13,"column":30},"end":{"line":13,"column":31}},"loc":{"start":{"line":13,"column":35},"end":{"line":13,"column":66}},"line":13}},"branchMap":{"0":{"loc":{"start":{"line":10,"column":2},"end":{"line":10,"column":45}},"type":"if","locations":[{"start":{"line":10,"column":2},"end":{"line":10,"column":45}},{"start":{},"end":{}}],"line":10},"1":{"loc":{"start":{"line":10,"column":6},"end":{"line":10,"column":29}},"type":"binary-expr","locations":[{"start":{"line":10,"column":6},"end":{"line":10,"column":17}},{"start":{"line":10,"column":21},"end":{"line":10,"column":29}}],"line":10},"2":{"loc":{"start":{"line":15,"column":6},"end":{"line":20,"column":7}},"type":"if","locations":[{"start":{"line":15,"column":6},"end":{"line":20,"column":7}},{"start":{"line":18,"column":13},"end":{"line":20,"column":7}}],"line":15},"3":{"loc":{"start":{"line":17,"column":23},"end":{"line":17,"column":59}},"type":"binary-expr","locations":[{"start":{"line":17,"column":23},"end":{"line":17,"column":53}},{"start":{"line":17,"column":57},"end":{"line":17,"column":59}}],"line":17}},"s":{"0":7,"1":7,"2":3,"3":4,"4":4,"5":4,"6":5,"7":4,"8":4,"9":3,"10":3,"11":1,"12":4},"f":{"0":7,"1":5},"b":{"0":[3,4],"1":[7,5],"2":[3,1],"3":[3,2]},"inputSourceMap":null,"_coverageSchema":"1a1c01bbd47fc00a2c39e90264f33305004495a9","hash":"c1be2881ce6e31d4e112348696c148821b67b7d5"}
,"/Users/duncanlyrebirdhealth.com/mllp-bird/src/mllp-node/logger.js": {"path":"/Users/duncanlyrebirdhealth.com/mllp-bird/src/mllp-node/logger.js","statementMap":{"0":{"start":{"line":3,"column":18},"end":{"line":3,"column":53}},"1":{"start":{"line":5,"column":2},"end":{"line":5,"column":21}},"2":{"start":{"line":8,"column":2},"end":{"line":8,"column":55}}},"fnMap":{"0":{"name":"getLogFilePath","decl":{"start":{"line":4,"column":16},"end":{"line":4,"column":30}},"loc":{"start":{"line":4,"column":33},"end":{"line":6,"column":1}},"line":4},"1":{"name":"appendToLogFile","decl":{"start":{"line":7,"column":16},"end":{"line":7,"column":31}},"loc":{"start":{"line":7,"column":39},"end":{"line":9,"column":1}},"line":7}},"branchMap":{},"s":{"0":2,"1":3,"2":3},"f":{"0":3,"1":3},"b":{},"inputSourceMap":null,"_coverageSchema":"1a1c01bbd47fc00a2c39e90264f33305004495a9","hash":"01444fa0dca4914b5e61c7edfe19b5fc6f7eec59"}
,"/Users/duncanlyrebirdhealth.com/mllp-bird/src/mllp-node/restApiForward.js": {"path":"/Users/duncanlyrebirdhealth.com/mllp-bird/src/mllp-node/restApiForward.js","statementMap":{"0":{"start":{"line":4,"column":16},"end":{"line":4,"column":52}},"1":{"start":{"line":5,"column":14},"end":{"line":12,"column":4}},"2":{"start":{"line":13,"column":2},"end":{"line":13,"column":26}}},"fnMap":{"0":{"name":"restApiForward","decl":{"start":{"line":2,"column":22},"end":{"line":2,"column":36}},"loc":{"start":{"line":2,"column":63},"end":{"line":14,"column":1}},"line":2}},"branchMap":{"0":{"loc":{"start":{"line":9,"column":23},"end":{"line":9,"column":62}},"type":"cond-expr","locations":[{"start":{"line":9,"column":32},"end":{"line":9,"column":50}},{"start":{"line":9,"column":53},"end":{"line":9,"column":62}}],"line":9}},"s":{"0":2,"1":2,"2":2},"f":{"0":2},"b":{"0":[2,0]},"inputSourceMap":null,"_coverageSchema":"1a1c01bbd47fc00a2c39e90264f33305004495a9","hash":"df142cd0fb874a08450f85857debf8b96b18e973"}
}
