TN:
SF:src/mllp-node/HL7FieldExtraction.js
FN:8,extractFields
FN:15,(anonymous_1)
FNF:2
FNH:2
FNDA:7,extractFields
FNDA:5,(anonymous_1)
DA:9,7
DA:10,7
DA:12,3
DA:13,3
DA:14,4
DA:15,5
DA:16,4
DA:17,3
DA:18,3
DA:20,1
DA:23,3
LF:11
LH:11
BRDA:10,0,0,4
BRDA:10,0,1,3
BRDA:10,1,0,7
BRDA:10,1,1,5
BRDA:10,1,2,4
BRDA:16,2,0,3
BRDA:16,2,1,1
BRDA:18,3,0,3
BRDA:18,3,1,1
BRF:9
BRH:9
end_of_record
TN:
SF:src/mllp-node/HL7JSONParser.js
FN:8,parseHL7toJSON
FN:13,(anonymous_1)
FNF:2
FNH:2
FNDA:7,parseHL7toJSON
FNDA:5,(anonymous_1)
DA:9,7
DA:10,7
DA:11,4
DA:12,4
DA:13,5
DA:14,4
DA:15,4
DA:16,3
DA:17,3
DA:19,1
DA:23,4
LF:11
LH:11
BRDA:10,0,0,3
BRDA:10,0,1,4
BRDA:10,1,0,7
BRDA:10,1,1,5
BRDA:15,2,0,3
BRDA:15,2,1,1
BRDA:17,3,0,3
BRDA:17,3,1,2
BRF:8
BRH:8
end_of_record
TN:
SF:src/mllp-node/logger.js
FN:4,getLogFilePath
FN:7,appendToLogFile
FNF:2
FNH:2
FNDA:3,getLogFilePath
FNDA:3,appendToLogFile
DA:3,2
DA:5,3
DA:8,3
LF:3
LH:3
BRF:0
BRH:0
end_of_record
TN:
SF:src/mllp-node/restApiForward.js
FN:2,restApiForward
FNF:1
FNH:1
FNDA:2,restApiForward
DA:4,2
DA:5,2
DA:13,2
LF:3
LH:3
BRDA:9,0,0,2
BRDA:9,0,1,0
BRF:2
BRH:1
end_of_record
